Determining if the Q_WS_WIN exist failed with the following output:
Change Dir: /home/voldemort/Desktop/ARCH/fastfusion/src/CMakeFiles/CMakeTmp

Run Build Command:"/usr/bin/make" "cmTC_c57c7/fast"
/usr/bin/make -f CMakeFiles/cmTC_c57c7.dir/build.make CMakeFiles/cmTC_c57c7.dir/build
make[1]: Entering directory '/home/voldemort/Desktop/ARCH/fastfusion/src/CMakeFiles/CMakeTmp'
Building CXX object CMakeFiles/cmTC_c57c7.dir/CheckSymbolExists.cxx.o
/usr/bin/c++    -I/usr/include/qt4   -o CMakeFiles/cmTC_c57c7.dir/CheckSymbolExists.cxx.o -c /home/voldemort/Desktop/ARCH/fastfusion/src/CMakeFiles/CMakeTmp/CheckSymbolExists.cxx
/home/voldemort/Desktop/ARCH/fastfusion/src/CMakeFiles/CMakeTmp/CheckSymbolExists.cxx: In function ‘int main(int, char**)’:
/home/voldemort/Desktop/ARCH/fastfusion/src/CMakeFiles/CMakeTmp/CheckSymbolExists.cxx:8:19: error: ‘Q_WS_WIN’ was not declared in this scope
CMakeFiles/cmTC_c57c7.dir/build.make:65: recipe for target 'CMakeFiles/cmTC_c57c7.dir/CheckSymbolExists.cxx.o' failed
make[1]: *** [CMakeFiles/cmTC_c57c7.dir/CheckSymbolExists.cxx.o] Error 1
make[1]: Leaving directory '/home/voldemort/Desktop/ARCH/fastfusion/src/CMakeFiles/CMakeTmp'
Makefile:126: recipe for target 'cmTC_c57c7/fast' failed
make: *** [cmTC_c57c7/fast] Error 2

File /home/voldemort/Desktop/ARCH/fastfusion/src/CMakeFiles/CMakeTmp/CheckSymbolExists.cxx:
/* */
#include <QtCore/qglobal.h>

int main(int argc, char** argv)
{
  (void)argv;
#ifndef Q_WS_WIN
  return ((int*)(&Q_WS_WIN))[argc];
#else
  (void)argc;
  return 0;
#endif
}

Determining if the Q_WS_QWS exist failed with the following output:
Change Dir: /home/voldemort/Desktop/ARCH/fastfusion/src/CMakeFiles/CMakeTmp

Run Build Command:"/usr/bin/make" "cmTC_76137/fast"
/usr/bin/make -f CMakeFiles/cmTC_76137.dir/build.make CMakeFiles/cmTC_76137.dir/build
make[1]: Entering directory '/home/voldemort/Desktop/ARCH/fastfusion/src/CMakeFiles/CMakeTmp'
Building CXX object CMakeFiles/cmTC_76137.dir/CheckSymbolExists.cxx.o
/usr/bin/c++    -I/usr/include/qt4   -o CMakeFiles/cmTC_76137.dir/CheckSymbolExists.cxx.o -c /home/voldemort/Desktop/ARCH/fastfusion/src/CMakeFiles/CMakeTmp/CheckSymbolExists.cxx
/home/voldemort/Desktop/ARCH/fastfusion/src/CMakeFiles/CMakeTmp/CheckSymbolExists.cxx: In function ‘int main(int, char**)’:
/home/voldemort/Desktop/ARCH/fastfusion/src/CMakeFiles/CMakeTmp/CheckSymbolExists.cxx:8:19: error: ‘Q_WS_QWS’ was not declared in this scope
CMakeFiles/cmTC_76137.dir/build.make:65: recipe for target 'CMakeFiles/cmTC_76137.dir/CheckSymbolExists.cxx.o' failed
make[1]: *** [CMakeFiles/cmTC_76137.dir/CheckSymbolExists.cxx.o] Error 1
make[1]: Leaving directory '/home/voldemort/Desktop/ARCH/fastfusion/src/CMakeFiles/CMakeTmp'
Makefile:126: recipe for target 'cmTC_76137/fast' failed
make: *** [cmTC_76137/fast] Error 2

File /home/voldemort/Desktop/ARCH/fastfusion/src/CMakeFiles/CMakeTmp/CheckSymbolExists.cxx:
/* */
#include <QtCore/qglobal.h>

int main(int argc, char** argv)
{
  (void)argv;
#ifndef Q_WS_QWS
  return ((int*)(&Q_WS_QWS))[argc];
#else
  (void)argc;
  return 0;
#endif
}

Determining if the Q_WS_MAC exist failed with the following output:
Change Dir: /home/voldemort/Desktop/ARCH/fastfusion/src/CMakeFiles/CMakeTmp

Run Build Command:"/usr/bin/make" "cmTC_42da1/fast"
/usr/bin/make -f CMakeFiles/cmTC_42da1.dir/build.make CMakeFiles/cmTC_42da1.dir/build
make[1]: Entering directory '/home/voldemort/Desktop/ARCH/fastfusion/src/CMakeFiles/CMakeTmp'
Building CXX object CMakeFiles/cmTC_42da1.dir/CheckSymbolExists.cxx.o
/usr/bin/c++    -I/usr/include/qt4   -o CMakeFiles/cmTC_42da1.dir/CheckSymbolExists.cxx.o -c /home/voldemort/Desktop/ARCH/fastfusion/src/CMakeFiles/CMakeTmp/CheckSymbolExists.cxx
/home/voldemort/Desktop/ARCH/fastfusion/src/CMakeFiles/CMakeTmp/CheckSymbolExists.cxx: In function ‘int main(int, char**)’:
/home/voldemort/Desktop/ARCH/fastfusion/src/CMakeFiles/CMakeTmp/CheckSymbolExists.cxx:8:19: error: ‘Q_WS_MAC’ was not declared in this scope
CMakeFiles/cmTC_42da1.dir/build.make:65: recipe for target 'CMakeFiles/cmTC_42da1.dir/CheckSymbolExists.cxx.o' failed
make[1]: *** [CMakeFiles/cmTC_42da1.dir/CheckSymbolExists.cxx.o] Error 1
make[1]: Leaving directory '/home/voldemort/Desktop/ARCH/fastfusion/src/CMakeFiles/CMakeTmp'
Makefile:126: recipe for target 'cmTC_42da1/fast' failed
make: *** [cmTC_42da1/fast] Error 2

File /home/voldemort/Desktop/ARCH/fastfusion/src/CMakeFiles/CMakeTmp/CheckSymbolExists.cxx:
/* */
#include <QtCore/qglobal.h>

int main(int argc, char** argv)
{
  (void)argv;
#ifndef Q_WS_MAC
  return ((int*)(&Q_WS_MAC))[argc];
#else
  (void)argc;
  return 0;
#endif
}

Determining if the pthread_create exist failed with the following output:
Change Dir: /home/voldemort/Desktop/ARCH/fastfusion/src/CMakeFiles/CMakeTmp

Run Build Command:"/usr/bin/make" "cmTC_704d2/fast"
/usr/bin/make -f CMakeFiles/cmTC_704d2.dir/build.make CMakeFiles/cmTC_704d2.dir/build
make[1]: Entering directory '/home/voldemort/Desktop/ARCH/fastfusion/src/CMakeFiles/CMakeTmp'
Building C object CMakeFiles/cmTC_704d2.dir/CheckSymbolExists.c.o
/usr/bin/cc    -fPIC    -o CMakeFiles/cmTC_704d2.dir/CheckSymbolExists.c.o   -c /home/voldemort/Desktop/ARCH/fastfusion/src/CMakeFiles/CMakeTmp/CheckSymbolExists.c
Linking C executable cmTC_704d2
/usr/bin/cmake -E cmake_link_script CMakeFiles/cmTC_704d2.dir/link.txt --verbose=1
/usr/bin/cc  -fPIC     CMakeFiles/cmTC_704d2.dir/CheckSymbolExists.c.o  -o cmTC_704d2 -rdynamic 
CMakeFiles/cmTC_704d2.dir/CheckSymbolExists.c.o: In function `main':
CheckSymbolExists.c:(.text+0x1b): undefined reference to `pthread_create'
collect2: error: ld returned 1 exit status
CMakeFiles/cmTC_704d2.dir/build.make:97: recipe for target 'cmTC_704d2' failed
make[1]: *** [cmTC_704d2] Error 1
make[1]: Leaving directory '/home/voldemort/Desktop/ARCH/fastfusion/src/CMakeFiles/CMakeTmp'
Makefile:126: recipe for target 'cmTC_704d2/fast' failed
make: *** [cmTC_704d2/fast] Error 2

File /home/voldemort/Desktop/ARCH/fastfusion/src/CMakeFiles/CMakeTmp/CheckSymbolExists.c:
/* */
#include <pthread.h>

int main(int argc, char** argv)
{
  (void)argv;
#ifndef pthread_create
  return ((int*)(&pthread_create))[argc];
#else
  (void)argc;
  return 0;
#endif
}

Determining if the function pthread_create exists in the pthreads failed with the following output:
Change Dir: /home/voldemort/Desktop/ARCH/fastfusion/src/CMakeFiles/CMakeTmp

Run Build Command:"/usr/bin/make" "cmTC_7094a/fast"
/usr/bin/make -f CMakeFiles/cmTC_7094a.dir/build.make CMakeFiles/cmTC_7094a.dir/build
make[1]: Entering directory '/home/voldemort/Desktop/ARCH/fastfusion/src/CMakeFiles/CMakeTmp'
Building C object CMakeFiles/cmTC_7094a.dir/CheckFunctionExists.c.o
/usr/bin/cc    -fPIC -DCHECK_FUNCTION_EXISTS=pthread_create   -o CMakeFiles/cmTC_7094a.dir/CheckFunctionExists.c.o   -c /usr/share/cmake-3.5/Modules/CheckFunctionExists.c
Linking C executable cmTC_7094a
/usr/bin/cmake -E cmake_link_script CMakeFiles/cmTC_7094a.dir/link.txt --verbose=1
/usr/bin/cc  -fPIC -DCHECK_FUNCTION_EXISTS=pthread_create    CMakeFiles/cmTC_7094a.dir/CheckFunctionExists.c.o  -o cmTC_7094a -rdynamic -lpthreads 
/usr/bin/ld: cannot find -lpthreads
collect2: error: ld returned 1 exit status
CMakeFiles/cmTC_7094a.dir/build.make:97: recipe for target 'cmTC_7094a' failed
make[1]: *** [cmTC_7094a] Error 1
make[1]: Leaving directory '/home/voldemort/Desktop/ARCH/fastfusion/src/CMakeFiles/CMakeTmp'
Makefile:126: recipe for target 'cmTC_7094a/fast' failed
make: *** [cmTC_7094a/fast] Error 2


