The system is: Linux - 4.8.0-27-generic - x86_64
Compiling the C compiler identification source file "CMakeCCompilerId.c" succeeded.
Compiler: /usr/bin/cc 
Build flags: 
Id flags: 

The output was:
0


Compilation of the C compiler identification source "CMakeCCompilerId.c" produced "a.out"

The C compiler identification is GNU, found in "/home/voldemort/Desktop/ARCH/fastfusion/CMakeFiles/3.5.2/CompilerIdC/a.out"

Compiling the CXX compiler identification source file "CMakeCXXCompilerId.cpp" succeeded.
Compiler: /usr/bin/c++ 
Build flags: 
Id flags: 

The output was:
0


Compilation of the CXX compiler identification source "CMakeCXXCompilerId.cpp" produced "a.out"

The CXX compiler identification is GNU, found in "/home/voldemort/Desktop/ARCH/fastfusion/CMakeFiles/3.5.2/CompilerIdCXX/a.out"

Determining if the C compiler works passed with the following output:
Change Dir: /home/voldemort/Desktop/ARCH/fastfusion/CMakeFiles/CMakeTmp

Run Build Command:"/usr/bin/make" "cmTC_b572b/fast"
/usr/bin/make -f CMakeFiles/cmTC_b572b.dir/build.make CMakeFiles/cmTC_b572b.dir/build
make[1]: Entering directory '/home/voldemort/Desktop/ARCH/fastfusion/CMakeFiles/CMakeTmp'
Building C object CMakeFiles/cmTC_b572b.dir/testCCompiler.c.o
/usr/bin/cc     -o CMakeFiles/cmTC_b572b.dir/testCCompiler.c.o   -c /home/voldemort/Desktop/ARCH/fastfusion/CMakeFiles/CMakeTmp/testCCompiler.c
Linking C executable cmTC_b572b
/usr/bin/cmake -E cmake_link_script CMakeFiles/cmTC_b572b.dir/link.txt --verbose=1
/usr/bin/cc       CMakeFiles/cmTC_b572b.dir/testCCompiler.c.o  -o cmTC_b572b -rdynamic 
make[1]: Leaving directory '/home/voldemort/Desktop/ARCH/fastfusion/CMakeFiles/CMakeTmp'


Detecting C compiler ABI info compiled with the following output:
Change Dir: /home/voldemort/Desktop/ARCH/fastfusion/CMakeFiles/CMakeTmp

Run Build Command:"/usr/bin/make" "cmTC_2ca08/fast"
/usr/bin/make -f CMakeFiles/cmTC_2ca08.dir/build.make CMakeFiles/cmTC_2ca08.dir/build
make[1]: Entering directory '/home/voldemort/Desktop/ARCH/fastfusion/CMakeFiles/CMakeTmp'
Building C object CMakeFiles/cmTC_2ca08.dir/CMakeCCompilerABI.c.o
/usr/bin/cc     -o CMakeFiles/cmTC_2ca08.dir/CMakeCCompilerABI.c.o   -c /usr/share/cmake-3.5/Modules/CMakeCCompilerABI.c
Linking C executable cmTC_2ca08
/usr/bin/cmake -E cmake_link_script CMakeFiles/cmTC_2ca08.dir/link.txt --verbose=1
/usr/bin/cc      -v CMakeFiles/cmTC_2ca08.dir/CMakeCCompilerABI.c.o  -o cmTC_2ca08 -rdynamic  
Using built-in specs.
COLLECT_GCC=/usr/bin/cc
COLLECT_LTO_WRAPPER=/usr/lib/gcc/x86_64-linux-gnu/4.7/lto-wrapper
Target: x86_64-linux-gnu
Configured with: ../src/configure -v --with-pkgversion='Ubuntu/Linaro 4.7.4-3ubuntu12' --with-bugurl=file:///usr/share/doc/gcc-4.7/README.Bugs --enable-languages=c,c++,go,fortran,objc,obj-c++ --prefix=/usr --program-suffix=-4.7 --enable-shared --enable-linker-build-id --libexecdir=/usr/lib --without-included-gettext --enable-threads=posix --with-gxx-include-dir=/usr/include/c++/4.7 --libdir=/usr/lib --enable-nls --with-sysroot=/ --enable-clocale=gnu --enable-libstdcxx-debug --enable-gnu-unique-object --disable-libmudflap --enable-plugin --with-system-zlib --enable-objc-gc --with-cloog --enable-cloog-backend=ppl --disable-cloog-version-check --disable-ppl-version-check --enable-multiarch --disable-werror --with-arch-32=i686 --with-abi=m64 --with-multilib-list=m32,m64,mx32 --with-tune=generic --enable-checking=release --build=x86_64-linux-gnu --host=x86_64-linux-gnu --target=x86_64-linux-gnu
Thread model: posix
gcc version 4.7.4 (Ubuntu/Linaro 4.7.4-3ubuntu12) 
COMPILER_PATH=/usr/lib/gcc/x86_64-linux-gnu/4.7/:/usr/lib/gcc/x86_64-linux-gnu/4.7/:/usr/lib/gcc/x86_64-linux-gnu/:/usr/lib/gcc/x86_64-linux-gnu/4.7/:/usr/lib/gcc/x86_64-linux-gnu/
LIBRARY_PATH=/usr/lib/gcc/x86_64-linux-gnu/4.7/:/usr/lib/gcc/x86_64-linux-gnu/4.7/../../../x86_64-linux-gnu/:/usr/lib/gcc/x86_64-linux-gnu/4.7/../../../../lib/:/lib/x86_64-linux-gnu/:/lib/../lib/:/usr/lib/x86_64-linux-gnu/:/usr/lib/../lib/:./:./:/usr/lib/gcc/x86_64-linux-gnu/4.7/../../../:/lib/:/usr/lib/
COLLECT_GCC_OPTIONS='-v' '-o' 'cmTC_2ca08' '-rdynamic' '-mtune=generic' '-march=x86-64'
 /usr/lib/gcc/x86_64-linux-gnu/4.7/collect2 --sysroot=/ --build-id --eh-frame-hdr -m elf_x86_64 --hash-style=gnu --as-needed -export-dynamic -dynamic-linker /lib64/ld-linux-x86-64.so.2 -z relro -o cmTC_2ca08 /usr/lib/gcc/x86_64-linux-gnu/4.7/../../../x86_64-linux-gnu/crt1.o /usr/lib/gcc/x86_64-linux-gnu/4.7/../../../x86_64-linux-gnu/crti.o /usr/lib/gcc/x86_64-linux-gnu/4.7/crtbegin.o -L/usr/lib/gcc/x86_64-linux-gnu/4.7 -L/usr/lib/gcc/x86_64-linux-gnu/4.7/../../../x86_64-linux-gnu -L/usr/lib/gcc/x86_64-linux-gnu/4.7/../../../../lib -L/lib/x86_64-linux-gnu -L/lib/../lib -L/usr/lib/x86_64-linux-gnu -L/usr/lib/../lib -L. -L. -L/usr/lib/gcc/x86_64-linux-gnu/4.7/../../.. CMakeFiles/cmTC_2ca08.dir/CMakeCCompilerABI.c.o -lgcc --as-needed -lgcc_s --no-as-needed -lc -lgcc --as-needed -lgcc_s --no-as-needed /usr/lib/gcc/x86_64-linux-gnu/4.7/crtend.o /usr/lib/gcc/x86_64-linux-gnu/4.7/../../../x86_64-linux-gnu/crtn.o
make[1]: Leaving directory '/home/voldemort/Desktop/ARCH/fastfusion/CMakeFiles/CMakeTmp'


Parsed C implicit link information from above output:
  link line regex: [^( *|.*[/\])(ld|([^/\]+-)?ld|collect2)[^/\]*( |$)]
  ignore line: [Change Dir: /home/voldemort/Desktop/ARCH/fastfusion/CMakeFiles/CMakeTmp]
  ignore line: []
  ignore line: [Run Build Command:"/usr/bin/make" "cmTC_2ca08/fast"]
  ignore line: [/usr/bin/make -f CMakeFiles/cmTC_2ca08.dir/build.make CMakeFiles/cmTC_2ca08.dir/build]
  ignore line: [make[1]: Entering directory '/home/voldemort/Desktop/ARCH/fastfusion/CMakeFiles/CMakeTmp']
  ignore line: [Building C object CMakeFiles/cmTC_2ca08.dir/CMakeCCompilerABI.c.o]
  ignore line: [/usr/bin/cc     -o CMakeFiles/cmTC_2ca08.dir/CMakeCCompilerABI.c.o   -c /usr/share/cmake-3.5/Modules/CMakeCCompilerABI.c]
  ignore line: [Linking C executable cmTC_2ca08]
  ignore line: [/usr/bin/cmake -E cmake_link_script CMakeFiles/cmTC_2ca08.dir/link.txt --verbose=1]
  ignore line: [/usr/bin/cc      -v CMakeFiles/cmTC_2ca08.dir/CMakeCCompilerABI.c.o  -o cmTC_2ca08 -rdynamic  ]
  ignore line: [Using built-in specs.]
  ignore line: [COLLECT_GCC=/usr/bin/cc]
  ignore line: [COLLECT_LTO_WRAPPER=/usr/lib/gcc/x86_64-linux-gnu/4.7/lto-wrapper]
  ignore line: [Target: x86_64-linux-gnu]
  ignore line: [Configured with: ../src/configure -v --with-pkgversion='Ubuntu/Linaro 4.7.4-3ubuntu12' --with-bugurl=file:///usr/share/doc/gcc-4.7/README.Bugs --enable-languages=c,c++,go,fortran,objc,obj-c++ --prefix=/usr --program-suffix=-4.7 --enable-shared --enable-linker-build-id --libexecdir=/usr/lib --without-included-gettext --enable-threads=posix --with-gxx-include-dir=/usr/include/c++/4.7 --libdir=/usr/lib --enable-nls --with-sysroot=/ --enable-clocale=gnu --enable-libstdcxx-debug --enable-gnu-unique-object --disable-libmudflap --enable-plugin --with-system-zlib --enable-objc-gc --with-cloog --enable-cloog-backend=ppl --disable-cloog-version-check --disable-ppl-version-check --enable-multiarch --disable-werror --with-arch-32=i686 --with-abi=m64 --with-multilib-list=m32,m64,mx32 --with-tune=generic --enable-checking=release --build=x86_64-linux-gnu --host=x86_64-linux-gnu --target=x86_64-linux-gnu]
  ignore line: [Thread model: posix]
  ignore line: [gcc version 4.7.4 (Ubuntu/Linaro 4.7.4-3ubuntu12) ]
  ignore line: [COMPILER_PATH=/usr/lib/gcc/x86_64-linux-gnu/4.7/:/usr/lib/gcc/x86_64-linux-gnu/4.7/:/usr/lib/gcc/x86_64-linux-gnu/:/usr/lib/gcc/x86_64-linux-gnu/4.7/:/usr/lib/gcc/x86_64-linux-gnu/]
  ignore line: [LIBRARY_PATH=/usr/lib/gcc/x86_64-linux-gnu/4.7/:/usr/lib/gcc/x86_64-linux-gnu/4.7/../../../x86_64-linux-gnu/:/usr/lib/gcc/x86_64-linux-gnu/4.7/../../../../lib/:/lib/x86_64-linux-gnu/:/lib/../lib/:/usr/lib/x86_64-linux-gnu/:/usr/lib/../lib/:./:./:/usr/lib/gcc/x86_64-linux-gnu/4.7/../../../:/lib/:/usr/lib/]
  ignore line: [COLLECT_GCC_OPTIONS='-v' '-o' 'cmTC_2ca08' '-rdynamic' '-mtune=generic' '-march=x86-64']
  link line: [ /usr/lib/gcc/x86_64-linux-gnu/4.7/collect2 --sysroot=/ --build-id --eh-frame-hdr -m elf_x86_64 --hash-style=gnu --as-needed -export-dynamic -dynamic-linker /lib64/ld-linux-x86-64.so.2 -z relro -o cmTC_2ca08 /usr/lib/gcc/x86_64-linux-gnu/4.7/../../../x86_64-linux-gnu/crt1.o /usr/lib/gcc/x86_64-linux-gnu/4.7/../../../x86_64-linux-gnu/crti.o /usr/lib/gcc/x86_64-linux-gnu/4.7/crtbegin.o -L/usr/lib/gcc/x86_64-linux-gnu/4.7 -L/usr/lib/gcc/x86_64-linux-gnu/4.7/../../../x86_64-linux-gnu -L/usr/lib/gcc/x86_64-linux-gnu/4.7/../../../../lib -L/lib/x86_64-linux-gnu -L/lib/../lib -L/usr/lib/x86_64-linux-gnu -L/usr/lib/../lib -L. -L. -L/usr/lib/gcc/x86_64-linux-gnu/4.7/../../.. CMakeFiles/cmTC_2ca08.dir/CMakeCCompilerABI.c.o -lgcc --as-needed -lgcc_s --no-as-needed -lc -lgcc --as-needed -lgcc_s --no-as-needed /usr/lib/gcc/x86_64-linux-gnu/4.7/crtend.o /usr/lib/gcc/x86_64-linux-gnu/4.7/../../../x86_64-linux-gnu/crtn.o]
    arg [/usr/lib/gcc/x86_64-linux-gnu/4.7/collect2] ==> ignore
    arg [--sysroot=/] ==> ignore
    arg [--build-id] ==> ignore
    arg [--eh-frame-hdr] ==> ignore
    arg [-m] ==> ignore
    arg [elf_x86_64] ==> ignore
    arg [--hash-style=gnu] ==> ignore
    arg [--as-needed] ==> ignore
    arg [-export-dynamic] ==> ignore
    arg [-dynamic-linker] ==> ignore
    arg [/lib64/ld-linux-x86-64.so.2] ==> ignore
    arg [-zrelro] ==> ignore
    arg [-o] ==> ignore
    arg [cmTC_2ca08] ==> ignore
    arg [/usr/lib/gcc/x86_64-linux-gnu/4.7/../../../x86_64-linux-gnu/crt1.o] ==> ignore
    arg [/usr/lib/gcc/x86_64-linux-gnu/4.7/../../../x86_64-linux-gnu/crti.o] ==> ignore
    arg [/usr/lib/gcc/x86_64-linux-gnu/4.7/crtbegin.o] ==> ignore
    arg [-L/usr/lib/gcc/x86_64-linux-gnu/4.7] ==> dir [/usr/lib/gcc/x86_64-linux-gnu/4.7]
    arg [-L/usr/lib/gcc/x86_64-linux-gnu/4.7/../../../x86_64-linux-gnu] ==> dir [/usr/lib/gcc/x86_64-linux-gnu/4.7/../../../x86_64-linux-gnu]
    arg [-L/usr/lib/gcc/x86_64-linux-gnu/4.7/../../../../lib] ==> dir [/usr/lib/gcc/x86_64-linux-gnu/4.7/../../../../lib]
    arg [-L/lib/x86_64-linux-gnu] ==> dir [/lib/x86_64-linux-gnu]
    arg [-L/lib/../lib] ==> dir [/lib/../lib]
    arg [-L/usr/lib/x86_64-linux-gnu] ==> dir [/usr/lib/x86_64-linux-gnu]
    arg [-L/usr/lib/../lib] ==> dir [/usr/lib/../lib]
    arg [-L.] ==> ignore
    arg [-L.] ==> ignore
    arg [-L/usr/lib/gcc/x86_64-linux-gnu/4.7/../../..] ==> dir [/usr/lib/gcc/x86_64-linux-gnu/4.7/../../..]
    arg [CMakeFiles/cmTC_2ca08.dir/CMakeCCompilerABI.c.o] ==> ignore
    arg [-lgcc] ==> lib [gcc]
    arg [--as-needed] ==> ignore
    arg [-lgcc_s] ==> lib [gcc_s]
    arg [--no-as-needed] ==> ignore
    arg [-lc] ==> lib [c]
    arg [-lgcc] ==> lib [gcc]
    arg [--as-needed] ==> ignore
    arg [-lgcc_s] ==> lib [gcc_s]
    arg [--no-as-needed] ==> ignore
    arg [/usr/lib/gcc/x86_64-linux-gnu/4.7/crtend.o] ==> ignore
    arg [/usr/lib/gcc/x86_64-linux-gnu/4.7/../../../x86_64-linux-gnu/crtn.o] ==> ignore
  remove lib [gcc]
  remove lib [gcc_s]
  remove lib [gcc]
  remove lib [gcc_s]
  collapse library dir [/usr/lib/gcc/x86_64-linux-gnu/4.7] ==> [/usr/lib/gcc/x86_64-linux-gnu/4.7]
  collapse library dir [/usr/lib/gcc/x86_64-linux-gnu/4.7/../../../x86_64-linux-gnu] ==> [/usr/lib/x86_64-linux-gnu]
  collapse library dir [/usr/lib/gcc/x86_64-linux-gnu/4.7/../../../../lib] ==> [/usr/lib]
  collapse library dir [/lib/x86_64-linux-gnu] ==> [/lib/x86_64-linux-gnu]
  collapse library dir [/lib/../lib] ==> [/lib]
  collapse library dir [/usr/lib/x86_64-linux-gnu] ==> [/usr/lib/x86_64-linux-gnu]
  collapse library dir [/usr/lib/../lib] ==> [/usr/lib]
  collapse library dir [/usr/lib/gcc/x86_64-linux-gnu/4.7/../../..] ==> [/usr/lib]
  implicit libs: [c]
  implicit dirs: [/usr/lib/gcc/x86_64-linux-gnu/4.7;/usr/lib/x86_64-linux-gnu;/usr/lib;/lib/x86_64-linux-gnu;/lib]
  implicit fwks: []




Detecting C [-std=c11] compiler features compiled with the following output:
Change Dir: /home/voldemort/Desktop/ARCH/fastfusion/CMakeFiles/CMakeTmp

Run Build Command:"/usr/bin/make" "cmTC_ddf60/fast"
/usr/bin/make -f CMakeFiles/cmTC_ddf60.dir/build.make CMakeFiles/cmTC_ddf60.dir/build
make[1]: Entering directory '/home/voldemort/Desktop/ARCH/fastfusion/CMakeFiles/CMakeTmp'
Building C object CMakeFiles/cmTC_ddf60.dir/feature_tests.c.o
/usr/bin/cc    -std=c11 -o CMakeFiles/cmTC_ddf60.dir/feature_tests.c.o   -c /home/voldemort/Desktop/ARCH/fastfusion/CMakeFiles/feature_tests.c
Linking C executable cmTC_ddf60
/usr/bin/cmake -E cmake_link_script CMakeFiles/cmTC_ddf60.dir/link.txt --verbose=1
/usr/bin/cc       CMakeFiles/cmTC_ddf60.dir/feature_tests.c.o  -o cmTC_ddf60 -rdynamic 
make[1]: Leaving directory '/home/voldemort/Desktop/ARCH/fastfusion/CMakeFiles/CMakeTmp'


    Feature record: C_FEATURE:1c_function_prototypes
    Feature record: C_FEATURE:1c_restrict
    Feature record: C_FEATURE:1c_static_assert
    Feature record: C_FEATURE:1c_variadic_macros


Detecting C [-std=c99] compiler features compiled with the following output:
Change Dir: /home/voldemort/Desktop/ARCH/fastfusion/CMakeFiles/CMakeTmp

Run Build Command:"/usr/bin/make" "cmTC_c44b8/fast"
/usr/bin/make -f CMakeFiles/cmTC_c44b8.dir/build.make CMakeFiles/cmTC_c44b8.dir/build
make[1]: Entering directory '/home/voldemort/Desktop/ARCH/fastfusion/CMakeFiles/CMakeTmp'
Building C object CMakeFiles/cmTC_c44b8.dir/feature_tests.c.o
/usr/bin/cc    -std=c99 -o CMakeFiles/cmTC_c44b8.dir/feature_tests.c.o   -c /home/voldemort/Desktop/ARCH/fastfusion/CMakeFiles/feature_tests.c
Linking C executable cmTC_c44b8
/usr/bin/cmake -E cmake_link_script CMakeFiles/cmTC_c44b8.dir/link.txt --verbose=1
/usr/bin/cc       CMakeFiles/cmTC_c44b8.dir/feature_tests.c.o  -o cmTC_c44b8 -rdynamic 
make[1]: Leaving directory '/home/voldemort/Desktop/ARCH/fastfusion/CMakeFiles/CMakeTmp'


    Feature record: C_FEATURE:1c_function_prototypes
    Feature record: C_FEATURE:1c_restrict
    Feature record: C_FEATURE:0c_static_assert
    Feature record: C_FEATURE:1c_variadic_macros


Detecting C [-std=c90] compiler features compiled with the following output:
Change Dir: /home/voldemort/Desktop/ARCH/fastfusion/CMakeFiles/CMakeTmp

Run Build Command:"/usr/bin/make" "cmTC_cd436/fast"
/usr/bin/make -f CMakeFiles/cmTC_cd436.dir/build.make CMakeFiles/cmTC_cd436.dir/build
make[1]: Entering directory '/home/voldemort/Desktop/ARCH/fastfusion/CMakeFiles/CMakeTmp'
Building C object CMakeFiles/cmTC_cd436.dir/feature_tests.c.o
/usr/bin/cc    -std=c90 -o CMakeFiles/cmTC_cd436.dir/feature_tests.c.o   -c /home/voldemort/Desktop/ARCH/fastfusion/CMakeFiles/feature_tests.c
Linking C executable cmTC_cd436
/usr/bin/cmake -E cmake_link_script CMakeFiles/cmTC_cd436.dir/link.txt --verbose=1
/usr/bin/cc       CMakeFiles/cmTC_cd436.dir/feature_tests.c.o  -o cmTC_cd436 -rdynamic 
make[1]: Leaving directory '/home/voldemort/Desktop/ARCH/fastfusion/CMakeFiles/CMakeTmp'


    Feature record: C_FEATURE:1c_function_prototypes
    Feature record: C_FEATURE:0c_restrict
    Feature record: C_FEATURE:0c_static_assert
    Feature record: C_FEATURE:0c_variadic_macros
Determining if the CXX compiler works passed with the following output:
Change Dir: /home/voldemort/Desktop/ARCH/fastfusion/CMakeFiles/CMakeTmp

Run Build Command:"/usr/bin/make" "cmTC_72414/fast"
/usr/bin/make -f CMakeFiles/cmTC_72414.dir/build.make CMakeFiles/cmTC_72414.dir/build
make[1]: Entering directory '/home/voldemort/Desktop/ARCH/fastfusion/CMakeFiles/CMakeTmp'
Building CXX object CMakeFiles/cmTC_72414.dir/testCXXCompiler.cxx.o
/usr/bin/c++      -o CMakeFiles/cmTC_72414.dir/testCXXCompiler.cxx.o -c /home/voldemort/Desktop/ARCH/fastfusion/CMakeFiles/CMakeTmp/testCXXCompiler.cxx
Linking CXX executable cmTC_72414
/usr/bin/cmake -E cmake_link_script CMakeFiles/cmTC_72414.dir/link.txt --verbose=1
/usr/bin/c++        CMakeFiles/cmTC_72414.dir/testCXXCompiler.cxx.o  -o cmTC_72414 -rdynamic 
make[1]: Leaving directory '/home/voldemort/Desktop/ARCH/fastfusion/CMakeFiles/CMakeTmp'


Detecting CXX compiler ABI info compiled with the following output:
Change Dir: /home/voldemort/Desktop/ARCH/fastfusion/CMakeFiles/CMakeTmp

Run Build Command:"/usr/bin/make" "cmTC_671ef/fast"
/usr/bin/make -f CMakeFiles/cmTC_671ef.dir/build.make CMakeFiles/cmTC_671ef.dir/build
make[1]: Entering directory '/home/voldemort/Desktop/ARCH/fastfusion/CMakeFiles/CMakeTmp'
Building CXX object CMakeFiles/cmTC_671ef.dir/CMakeCXXCompilerABI.cpp.o
/usr/bin/c++      -o CMakeFiles/cmTC_671ef.dir/CMakeCXXCompilerABI.cpp.o -c /usr/share/cmake-3.5/Modules/CMakeCXXCompilerABI.cpp
Linking CXX executable cmTC_671ef
/usr/bin/cmake -E cmake_link_script CMakeFiles/cmTC_671ef.dir/link.txt --verbose=1
/usr/bin/c++       -v CMakeFiles/cmTC_671ef.dir/CMakeCXXCompilerABI.cpp.o  -o cmTC_671ef -rdynamic  
Using built-in specs.
COLLECT_GCC=/usr/bin/c++
COLLECT_LTO_WRAPPER=/usr/lib/gcc/x86_64-linux-gnu/4.7/lto-wrapper
Target: x86_64-linux-gnu
Configured with: ../src/configure -v --with-pkgversion='Ubuntu/Linaro 4.7.4-3ubuntu12' --with-bugurl=file:///usr/share/doc/gcc-4.7/README.Bugs --enable-languages=c,c++,go,fortran,objc,obj-c++ --prefix=/usr --program-suffix=-4.7 --enable-shared --enable-linker-build-id --libexecdir=/usr/lib --without-included-gettext --enable-threads=posix --with-gxx-include-dir=/usr/include/c++/4.7 --libdir=/usr/lib --enable-nls --with-sysroot=/ --enable-clocale=gnu --enable-libstdcxx-debug --enable-gnu-unique-object --disable-libmudflap --enable-plugin --with-system-zlib --enable-objc-gc --with-cloog --enable-cloog-backend=ppl --disable-cloog-version-check --disable-ppl-version-check --enable-multiarch --disable-werror --with-arch-32=i686 --with-abi=m64 --with-multilib-list=m32,m64,mx32 --with-tune=generic --enable-checking=release --build=x86_64-linux-gnu --host=x86_64-linux-gnu --target=x86_64-linux-gnu
Thread model: posix
gcc version 4.7.4 (Ubuntu/Linaro 4.7.4-3ubuntu12) 
COMPILER_PATH=/usr/lib/gcc/x86_64-linux-gnu/4.7/:/usr/lib/gcc/x86_64-linux-gnu/4.7/:/usr/lib/gcc/x86_64-linux-gnu/:/usr/lib/gcc/x86_64-linux-gnu/4.7/:/usr/lib/gcc/x86_64-linux-gnu/
LIBRARY_PATH=/usr/lib/gcc/x86_64-linux-gnu/4.7/:/usr/lib/gcc/x86_64-linux-gnu/4.7/../../../x86_64-linux-gnu/:/usr/lib/gcc/x86_64-linux-gnu/4.7/../../../../lib/:/lib/x86_64-linux-gnu/:/lib/../lib/:/usr/lib/x86_64-linux-gnu/:/usr/lib/../lib/:./:./:/usr/lib/gcc/x86_64-linux-gnu/4.7/../../../:/lib/:/usr/lib/
COLLECT_GCC_OPTIONS='-v' '-o' 'cmTC_671ef' '-rdynamic' '-shared-libgcc' '-mtune=generic' '-march=x86-64'
 /usr/lib/gcc/x86_64-linux-gnu/4.7/collect2 --sysroot=/ --build-id --eh-frame-hdr -m elf_x86_64 --hash-style=gnu --as-needed -export-dynamic -dynamic-linker /lib64/ld-linux-x86-64.so.2 -z relro -o cmTC_671ef /usr/lib/gcc/x86_64-linux-gnu/4.7/../../../x86_64-linux-gnu/crt1.o /usr/lib/gcc/x86_64-linux-gnu/4.7/../../../x86_64-linux-gnu/crti.o /usr/lib/gcc/x86_64-linux-gnu/4.7/crtbegin.o -L/usr/lib/gcc/x86_64-linux-gnu/4.7 -L/usr/lib/gcc/x86_64-linux-gnu/4.7/../../../x86_64-linux-gnu -L/usr/lib/gcc/x86_64-linux-gnu/4.7/../../../../lib -L/lib/x86_64-linux-gnu -L/lib/../lib -L/usr/lib/x86_64-linux-gnu -L/usr/lib/../lib -L. -L. -L/usr/lib/gcc/x86_64-linux-gnu/4.7/../../.. CMakeFiles/cmTC_671ef.dir/CMakeCXXCompilerABI.cpp.o -lstdc++ -lm -lgcc_s -lgcc -lc -lgcc_s -lgcc /usr/lib/gcc/x86_64-linux-gnu/4.7/crtend.o /usr/lib/gcc/x86_64-linux-gnu/4.7/../../../x86_64-linux-gnu/crtn.o
make[1]: Leaving directory '/home/voldemort/Desktop/ARCH/fastfusion/CMakeFiles/CMakeTmp'


Parsed CXX implicit link information from above output:
  link line regex: [^( *|.*[/\])(ld|([^/\]+-)?ld|collect2)[^/\]*( |$)]
  ignore line: [Change Dir: /home/voldemort/Desktop/ARCH/fastfusion/CMakeFiles/CMakeTmp]
  ignore line: []
  ignore line: [Run Build Command:"/usr/bin/make" "cmTC_671ef/fast"]
  ignore line: [/usr/bin/make -f CMakeFiles/cmTC_671ef.dir/build.make CMakeFiles/cmTC_671ef.dir/build]
  ignore line: [make[1]: Entering directory '/home/voldemort/Desktop/ARCH/fastfusion/CMakeFiles/CMakeTmp']
  ignore line: [Building CXX object CMakeFiles/cmTC_671ef.dir/CMakeCXXCompilerABI.cpp.o]
  ignore line: [/usr/bin/c++      -o CMakeFiles/cmTC_671ef.dir/CMakeCXXCompilerABI.cpp.o -c /usr/share/cmake-3.5/Modules/CMakeCXXCompilerABI.cpp]
  ignore line: [Linking CXX executable cmTC_671ef]
  ignore line: [/usr/bin/cmake -E cmake_link_script CMakeFiles/cmTC_671ef.dir/link.txt --verbose=1]
  ignore line: [/usr/bin/c++       -v CMakeFiles/cmTC_671ef.dir/CMakeCXXCompilerABI.cpp.o  -o cmTC_671ef -rdynamic  ]
  ignore line: [Using built-in specs.]
  ignore line: [COLLECT_GCC=/usr/bin/c++]
  ignore line: [COLLECT_LTO_WRAPPER=/usr/lib/gcc/x86_64-linux-gnu/4.7/lto-wrapper]
  ignore line: [Target: x86_64-linux-gnu]
  ignore line: [Configured with: ../src/configure -v --with-pkgversion='Ubuntu/Linaro 4.7.4-3ubuntu12' --with-bugurl=file:///usr/share/doc/gcc-4.7/README.Bugs --enable-languages=c,c++,go,fortran,objc,obj-c++ --prefix=/usr --program-suffix=-4.7 --enable-shared --enable-linker-build-id --libexecdir=/usr/lib --without-included-gettext --enable-threads=posix --with-gxx-include-dir=/usr/include/c++/4.7 --libdir=/usr/lib --enable-nls --with-sysroot=/ --enable-clocale=gnu --enable-libstdcxx-debug --enable-gnu-unique-object --disable-libmudflap --enable-plugin --with-system-zlib --enable-objc-gc --with-cloog --enable-cloog-backend=ppl --disable-cloog-version-check --disable-ppl-version-check --enable-multiarch --disable-werror --with-arch-32=i686 --with-abi=m64 --with-multilib-list=m32,m64,mx32 --with-tune=generic --enable-checking=release --build=x86_64-linux-gnu --host=x86_64-linux-gnu --target=x86_64-linux-gnu]
  ignore line: [Thread model: posix]
  ignore line: [gcc version 4.7.4 (Ubuntu/Linaro 4.7.4-3ubuntu12) ]
  ignore line: [COMPILER_PATH=/usr/lib/gcc/x86_64-linux-gnu/4.7/:/usr/lib/gcc/x86_64-linux-gnu/4.7/:/usr/lib/gcc/x86_64-linux-gnu/:/usr/lib/gcc/x86_64-linux-gnu/4.7/:/usr/lib/gcc/x86_64-linux-gnu/]
  ignore line: [LIBRARY_PATH=/usr/lib/gcc/x86_64-linux-gnu/4.7/:/usr/lib/gcc/x86_64-linux-gnu/4.7/../../../x86_64-linux-gnu/:/usr/lib/gcc/x86_64-linux-gnu/4.7/../../../../lib/:/lib/x86_64-linux-gnu/:/lib/../lib/:/usr/lib/x86_64-linux-gnu/:/usr/lib/../lib/:./:./:/usr/lib/gcc/x86_64-linux-gnu/4.7/../../../:/lib/:/usr/lib/]
  ignore line: [COLLECT_GCC_OPTIONS='-v' '-o' 'cmTC_671ef' '-rdynamic' '-shared-libgcc' '-mtune=generic' '-march=x86-64']
  link line: [ /usr/lib/gcc/x86_64-linux-gnu/4.7/collect2 --sysroot=/ --build-id --eh-frame-hdr -m elf_x86_64 --hash-style=gnu --as-needed -export-dynamic -dynamic-linker /lib64/ld-linux-x86-64.so.2 -z relro -o cmTC_671ef /usr/lib/gcc/x86_64-linux-gnu/4.7/../../../x86_64-linux-gnu/crt1.o /usr/lib/gcc/x86_64-linux-gnu/4.7/../../../x86_64-linux-gnu/crti.o /usr/lib/gcc/x86_64-linux-gnu/4.7/crtbegin.o -L/usr/lib/gcc/x86_64-linux-gnu/4.7 -L/usr/lib/gcc/x86_64-linux-gnu/4.7/../../../x86_64-linux-gnu -L/usr/lib/gcc/x86_64-linux-gnu/4.7/../../../../lib -L/lib/x86_64-linux-gnu -L/lib/../lib -L/usr/lib/x86_64-linux-gnu -L/usr/lib/../lib -L. -L. -L/usr/lib/gcc/x86_64-linux-gnu/4.7/../../.. CMakeFiles/cmTC_671ef.dir/CMakeCXXCompilerABI.cpp.o -lstdc++ -lm -lgcc_s -lgcc -lc -lgcc_s -lgcc /usr/lib/gcc/x86_64-linux-gnu/4.7/crtend.o /usr/lib/gcc/x86_64-linux-gnu/4.7/../../../x86_64-linux-gnu/crtn.o]
    arg [/usr/lib/gcc/x86_64-linux-gnu/4.7/collect2] ==> ignore
    arg [--sysroot=/] ==> ignore
    arg [--build-id] ==> ignore
    arg [--eh-frame-hdr] ==> ignore
    arg [-m] ==> ignore
    arg [elf_x86_64] ==> ignore
    arg [--hash-style=gnu] ==> ignore
    arg [--as-needed] ==> ignore
    arg [-export-dynamic] ==> ignore
    arg [-dynamic-linker] ==> ignore
    arg [/lib64/ld-linux-x86-64.so.2] ==> ignore
    arg [-zrelro] ==> ignore
    arg [-o] ==> ignore
    arg [cmTC_671ef] ==> ignore
    arg [/usr/lib/gcc/x86_64-linux-gnu/4.7/../../../x86_64-linux-gnu/crt1.o] ==> ignore
    arg [/usr/lib/gcc/x86_64-linux-gnu/4.7/../../../x86_64-linux-gnu/crti.o] ==> ignore
    arg [/usr/lib/gcc/x86_64-linux-gnu/4.7/crtbegin.o] ==> ignore
    arg [-L/usr/lib/gcc/x86_64-linux-gnu/4.7] ==> dir [/usr/lib/gcc/x86_64-linux-gnu/4.7]
    arg [-L/usr/lib/gcc/x86_64-linux-gnu/4.7/../../../x86_64-linux-gnu] ==> dir [/usr/lib/gcc/x86_64-linux-gnu/4.7/../../../x86_64-linux-gnu]
    arg [-L/usr/lib/gcc/x86_64-linux-gnu/4.7/../../../../lib] ==> dir [/usr/lib/gcc/x86_64-linux-gnu/4.7/../../../../lib]
    arg [-L/lib/x86_64-linux-gnu] ==> dir [/lib/x86_64-linux-gnu]
    arg [-L/lib/../lib] ==> dir [/lib/../lib]
    arg [-L/usr/lib/x86_64-linux-gnu] ==> dir [/usr/lib/x86_64-linux-gnu]
    arg [-L/usr/lib/../lib] ==> dir [/usr/lib/../lib]
    arg [-L.] ==> ignore
    arg [-L.] ==> ignore
    arg [-L/usr/lib/gcc/x86_64-linux-gnu/4.7/../../..] ==> dir [/usr/lib/gcc/x86_64-linux-gnu/4.7/../../..]
    arg [CMakeFiles/cmTC_671ef.dir/CMakeCXXCompilerABI.cpp.o] ==> ignore
    arg [-lstdc++] ==> lib [stdc++]
    arg [-lm] ==> lib [m]
    arg [-lgcc_s] ==> lib [gcc_s]
    arg [-lgcc] ==> lib [gcc]
    arg [-lc] ==> lib [c]
    arg [-lgcc_s] ==> lib [gcc_s]
    arg [-lgcc] ==> lib [gcc]
    arg [/usr/lib/gcc/x86_64-linux-gnu/4.7/crtend.o] ==> ignore
    arg [/usr/lib/gcc/x86_64-linux-gnu/4.7/../../../x86_64-linux-gnu/crtn.o] ==> ignore
  remove lib [gcc_s]
  remove lib [gcc]
  remove lib [gcc_s]
  remove lib [gcc]
  collapse library dir [/usr/lib/gcc/x86_64-linux-gnu/4.7] ==> [/usr/lib/gcc/x86_64-linux-gnu/4.7]
  collapse library dir [/usr/lib/gcc/x86_64-linux-gnu/4.7/../../../x86_64-linux-gnu] ==> [/usr/lib/x86_64-linux-gnu]
  collapse library dir [/usr/lib/gcc/x86_64-linux-gnu/4.7/../../../../lib] ==> [/usr/lib]
  collapse library dir [/lib/x86_64-linux-gnu] ==> [/lib/x86_64-linux-gnu]
  collapse library dir [/lib/../lib] ==> [/lib]
  collapse library dir [/usr/lib/x86_64-linux-gnu] ==> [/usr/lib/x86_64-linux-gnu]
  collapse library dir [/usr/lib/../lib] ==> [/usr/lib]
  collapse library dir [/usr/lib/gcc/x86_64-linux-gnu/4.7/../../..] ==> [/usr/lib]
  implicit libs: [stdc++;m;c]
  implicit dirs: [/usr/lib/gcc/x86_64-linux-gnu/4.7;/usr/lib/x86_64-linux-gnu;/usr/lib;/lib/x86_64-linux-gnu;/lib]
  implicit fwks: []




Detecting CXX [-std=c++11] compiler features compiled with the following output:
Change Dir: /home/voldemort/Desktop/ARCH/fastfusion/CMakeFiles/CMakeTmp

Run Build Command:"/usr/bin/make" "cmTC_a8456/fast"
/usr/bin/make -f CMakeFiles/cmTC_a8456.dir/build.make CMakeFiles/cmTC_a8456.dir/build
make[1]: Entering directory '/home/voldemort/Desktop/ARCH/fastfusion/CMakeFiles/CMakeTmp'
Building CXX object CMakeFiles/cmTC_a8456.dir/feature_tests.cxx.o
/usr/bin/c++     -std=c++11 -o CMakeFiles/cmTC_a8456.dir/feature_tests.cxx.o -c /home/voldemort/Desktop/ARCH/fastfusion/CMakeFiles/feature_tests.cxx
Linking CXX executable cmTC_a8456
/usr/bin/cmake -E cmake_link_script CMakeFiles/cmTC_a8456.dir/link.txt --verbose=1
/usr/bin/c++        CMakeFiles/cmTC_a8456.dir/feature_tests.cxx.o  -o cmTC_a8456 -rdynamic 
make[1]: Leaving directory '/home/voldemort/Desktop/ARCH/fastfusion/CMakeFiles/CMakeTmp'


    Feature record: CXX_FEATURE:0cxx_aggregate_default_initializers
    Feature record: CXX_FEATURE:1cxx_alias_templates
    Feature record: CXX_FEATURE:0cxx_alignas
    Feature record: CXX_FEATURE:0cxx_alignof
    Feature record: CXX_FEATURE:0cxx_attributes
    Feature record: CXX_FEATURE:0cxx_attribute_deprecated
    Feature record: CXX_FEATURE:1cxx_auto_type
    Feature record: CXX_FEATURE:0cxx_binary_literals
    Feature record: CXX_FEATURE:1cxx_constexpr
    Feature record: CXX_FEATURE:0cxx_contextual_conversions
    Feature record: CXX_FEATURE:1cxx_decltype
    Feature record: CXX_FEATURE:0cxx_decltype_auto
    Feature record: CXX_FEATURE:0cxx_decltype_incomplete_return_types
    Feature record: CXX_FEATURE:1cxx_default_function_template_args
    Feature record: CXX_FEATURE:1cxx_defaulted_functions
    Feature record: CXX_FEATURE:1cxx_defaulted_move_initializers
    Feature record: CXX_FEATURE:1cxx_delegating_constructors
    Feature record: CXX_FEATURE:1cxx_deleted_functions
    Feature record: CXX_FEATURE:0cxx_digit_separators
    Feature record: CXX_FEATURE:1cxx_enum_forward_declarations
    Feature record: CXX_FEATURE:1cxx_explicit_conversions
    Feature record: CXX_FEATURE:1cxx_extended_friend_declarations
    Feature record: CXX_FEATURE:1cxx_extern_templates
    Feature record: CXX_FEATURE:1cxx_final
    Feature record: CXX_FEATURE:1cxx_func_identifier
    Feature record: CXX_FEATURE:1cxx_generalized_initializers
    Feature record: CXX_FEATURE:0cxx_generic_lambdas
    Feature record: CXX_FEATURE:0cxx_inheriting_constructors
    Feature record: CXX_FEATURE:1cxx_inline_namespaces
    Feature record: CXX_FEATURE:1cxx_lambdas
    Feature record: CXX_FEATURE:0cxx_lambda_init_captures
    Feature record: CXX_FEATURE:1cxx_local_type_template_args
    Feature record: CXX_FEATURE:1cxx_long_long_type
    Feature record: CXX_FEATURE:1cxx_noexcept
    Feature record: CXX_FEATURE:1cxx_nonstatic_member_init
    Feature record: CXX_FEATURE:1cxx_nullptr
    Feature record: CXX_FEATURE:1cxx_override
    Feature record: CXX_FEATURE:1cxx_range_for
    Feature record: CXX_FEATURE:1cxx_raw_string_literals
    Feature record: CXX_FEATURE:0cxx_reference_qualified_functions
    Feature record: CXX_FEATURE:0cxx_relaxed_constexpr
    Feature record: CXX_FEATURE:0cxx_return_type_deduction
    Feature record: CXX_FEATURE:1cxx_right_angle_brackets
    Feature record: CXX_FEATURE:1cxx_rvalue_references
    Feature record: CXX_FEATURE:1cxx_sizeof_member
    Feature record: CXX_FEATURE:1cxx_static_assert
    Feature record: CXX_FEATURE:1cxx_strong_enums
    Feature record: CXX_FEATURE:1cxx_template_template_parameters
    Feature record: CXX_FEATURE:0cxx_thread_local
    Feature record: CXX_FEATURE:1cxx_trailing_return_types
    Feature record: CXX_FEATURE:1cxx_unicode_literals
    Feature record: CXX_FEATURE:1cxx_uniform_initialization
    Feature record: CXX_FEATURE:1cxx_unrestricted_unions
    Feature record: CXX_FEATURE:1cxx_user_literals
    Feature record: CXX_FEATURE:0cxx_variable_templates
    Feature record: CXX_FEATURE:1cxx_variadic_macros
    Feature record: CXX_FEATURE:1cxx_variadic_templates


Detecting CXX [-std=c++98] compiler features compiled with the following output:
Change Dir: /home/voldemort/Desktop/ARCH/fastfusion/CMakeFiles/CMakeTmp

Run Build Command:"/usr/bin/make" "cmTC_e1dbc/fast"
/usr/bin/make -f CMakeFiles/cmTC_e1dbc.dir/build.make CMakeFiles/cmTC_e1dbc.dir/build
make[1]: Entering directory '/home/voldemort/Desktop/ARCH/fastfusion/CMakeFiles/CMakeTmp'
Building CXX object CMakeFiles/cmTC_e1dbc.dir/feature_tests.cxx.o
/usr/bin/c++     -std=c++98 -o CMakeFiles/cmTC_e1dbc.dir/feature_tests.cxx.o -c /home/voldemort/Desktop/ARCH/fastfusion/CMakeFiles/feature_tests.cxx
Linking CXX executable cmTC_e1dbc
/usr/bin/cmake -E cmake_link_script CMakeFiles/cmTC_e1dbc.dir/link.txt --verbose=1
/usr/bin/c++        CMakeFiles/cmTC_e1dbc.dir/feature_tests.cxx.o  -o cmTC_e1dbc -rdynamic 
make[1]: Leaving directory '/home/voldemort/Desktop/ARCH/fastfusion/CMakeFiles/CMakeTmp'


    Feature record: CXX_FEATURE:0cxx_aggregate_default_initializers
    Feature record: CXX_FEATURE:0cxx_alias_templates
    Feature record: CXX_FEATURE:0cxx_alignas
    Feature record: CXX_FEATURE:0cxx_alignof
    Feature record: CXX_FEATURE:0cxx_attributes
    Feature record: CXX_FEATURE:0cxx_attribute_deprecated
    Feature record: CXX_FEATURE:0cxx_auto_type
    Feature record: CXX_FEATURE:0cxx_binary_literals
    Feature record: CXX_FEATURE:0cxx_constexpr
    Feature record: CXX_FEATURE:0cxx_contextual_conversions
    Feature record: CXX_FEATURE:0cxx_decltype
    Feature record: CXX_FEATURE:0cxx_decltype_auto
    Feature record: CXX_FEATURE:0cxx_decltype_incomplete_return_types
    Feature record: CXX_FEATURE:0cxx_default_function_template_args
    Feature record: CXX_FEATURE:0cxx_defaulted_functions
    Feature record: CXX_FEATURE:0cxx_defaulted_move_initializers
    Feature record: CXX_FEATURE:0cxx_delegating_constructors
    Feature record: CXX_FEATURE:0cxx_deleted_functions
    Feature record: CXX_FEATURE:0cxx_digit_separators
    Feature record: CXX_FEATURE:0cxx_enum_forward_declarations
    Feature record: CXX_FEATURE:0cxx_explicit_conversions
    Feature record: CXX_FEATURE:0cxx_extended_friend_declarations
    Feature record: CXX_FEATURE:0cxx_extern_templates
    Feature record: CXX_FEATURE:0cxx_final
    Feature record: CXX_FEATURE:0cxx_func_identifier
    Feature record: CXX_FEATURE:0cxx_generalized_initializers
    Feature record: CXX_FEATURE:0cxx_generic_lambdas
    Feature record: CXX_FEATURE:0cxx_inheriting_constructors
    Feature record: CXX_FEATURE:0cxx_inline_namespaces
    Feature record: CXX_FEATURE:0cxx_lambdas
    Feature record: CXX_FEATURE:0cxx_lambda_init_captures
    Feature record: CXX_FEATURE:0cxx_local_type_template_args
    Feature record: CXX_FEATURE:0cxx_long_long_type
    Feature record: CXX_FEATURE:0cxx_noexcept
    Feature record: CXX_FEATURE:0cxx_nonstatic_member_init
    Feature record: CXX_FEATURE:0cxx_nullptr
    Feature record: CXX_FEATURE:0cxx_override
    Feature record: CXX_FEATURE:0cxx_range_for
    Feature record: CXX_FEATURE:0cxx_raw_string_literals
    Feature record: CXX_FEATURE:0cxx_reference_qualified_functions
    Feature record: CXX_FEATURE:0cxx_relaxed_constexpr
    Feature record: CXX_FEATURE:0cxx_return_type_deduction
    Feature record: CXX_FEATURE:0cxx_right_angle_brackets
    Feature record: CXX_FEATURE:0cxx_rvalue_references
    Feature record: CXX_FEATURE:0cxx_sizeof_member
    Feature record: CXX_FEATURE:0cxx_static_assert
    Feature record: CXX_FEATURE:0cxx_strong_enums
    Feature record: CXX_FEATURE:1cxx_template_template_parameters
    Feature record: CXX_FEATURE:0cxx_thread_local
    Feature record: CXX_FEATURE:0cxx_trailing_return_types
    Feature record: CXX_FEATURE:0cxx_unicode_literals
    Feature record: CXX_FEATURE:0cxx_uniform_initialization
    Feature record: CXX_FEATURE:0cxx_unrestricted_unions
    Feature record: CXX_FEATURE:0cxx_user_literals
    Feature record: CXX_FEATURE:0cxx_variable_templates
    Feature record: CXX_FEATURE:0cxx_variadic_macros
    Feature record: CXX_FEATURE:0cxx_variadic_templates
Determining if the include file pthread.h exists passed with the following output:
Change Dir: /home/voldemort/Desktop/ARCH/fastfusion/CMakeFiles/CMakeTmp

Run Build Command:"/usr/bin/make" "cmTC_2d8e8/fast"
/usr/bin/make -f CMakeFiles/cmTC_2d8e8.dir/build.make CMakeFiles/cmTC_2d8e8.dir/build
make[1]: Entering directory '/home/voldemort/Desktop/ARCH/fastfusion/CMakeFiles/CMakeTmp'
Building C object CMakeFiles/cmTC_2d8e8.dir/CheckIncludeFile.c.o
/usr/bin/cc    -fPIC    -o CMakeFiles/cmTC_2d8e8.dir/CheckIncludeFile.c.o   -c /home/voldemort/Desktop/ARCH/fastfusion/CMakeFiles/CMakeTmp/CheckIncludeFile.c
Linking C executable cmTC_2d8e8
/usr/bin/cmake -E cmake_link_script CMakeFiles/cmTC_2d8e8.dir/link.txt --verbose=1
/usr/bin/cc  -fPIC     CMakeFiles/cmTC_2d8e8.dir/CheckIncludeFile.c.o  -o cmTC_2d8e8 -rdynamic 
make[1]: Leaving directory '/home/voldemort/Desktop/ARCH/fastfusion/CMakeFiles/CMakeTmp'


Determining if the function pthread_create exists in the pthread passed with the following output:
Change Dir: /home/voldemort/Desktop/ARCH/fastfusion/CMakeFiles/CMakeTmp

Run Build Command:"/usr/bin/make" "cmTC_26ecd/fast"
/usr/bin/make -f CMakeFiles/cmTC_26ecd.dir/build.make CMakeFiles/cmTC_26ecd.dir/build
make[1]: Entering directory '/home/voldemort/Desktop/ARCH/fastfusion/CMakeFiles/CMakeTmp'
Building C object CMakeFiles/cmTC_26ecd.dir/CheckFunctionExists.c.o
/usr/bin/cc    -fPIC -DCHECK_FUNCTION_EXISTS=pthread_create   -o CMakeFiles/cmTC_26ecd.dir/CheckFunctionExists.c.o   -c /usr/share/cmake-3.5/Modules/CheckFunctionExists.c
Linking C executable cmTC_26ecd
/usr/bin/cmake -E cmake_link_script CMakeFiles/cmTC_26ecd.dir/link.txt --verbose=1
/usr/bin/cc  -fPIC -DCHECK_FUNCTION_EXISTS=pthread_create    CMakeFiles/cmTC_26ecd.dir/CheckFunctionExists.c.o  -o cmTC_26ecd -rdynamic -lpthread 
make[1]: Leaving directory '/home/voldemort/Desktop/ARCH/fastfusion/CMakeFiles/CMakeTmp'


Determining if the Q_WS_X11 exist passed with the following output:
Change Dir: /home/voldemort/Desktop/ARCH/fastfusion/CMakeFiles/CMakeTmp

Run Build Command:"/usr/bin/make" "cmTC_07bcc/fast"
/usr/bin/make -f CMakeFiles/cmTC_07bcc.dir/build.make CMakeFiles/cmTC_07bcc.dir/build
make[1]: Entering directory '/home/voldemort/Desktop/ARCH/fastfusion/CMakeFiles/CMakeTmp'
Building CXX object CMakeFiles/cmTC_07bcc.dir/CheckSymbolExists.cxx.o
/usr/bin/c++    -I/usr/include/qt4  -Wall -mavx2 -funroll-loops -DOWNAVX -fopenmp    -o CMakeFiles/cmTC_07bcc.dir/CheckSymbolExists.cxx.o -c /home/voldemort/Desktop/ARCH/fastfusion/CMakeFiles/CMakeTmp/CheckSymbolExists.cxx
Linking CXX executable cmTC_07bcc
/usr/bin/cmake -E cmake_link_script CMakeFiles/cmTC_07bcc.dir/link.txt --verbose=1
/usr/bin/c++    -Wall -mavx2 -funroll-loops -DOWNAVX -fopenmp     CMakeFiles/cmTC_07bcc.dir/CheckSymbolExists.cxx.o  -o cmTC_07bcc -rdynamic 
make[1]: Leaving directory '/home/voldemort/Desktop/ARCH/fastfusion/CMakeFiles/CMakeTmp'

File /home/voldemort/Desktop/ARCH/fastfusion/CMakeFiles/CMakeTmp/CheckSymbolExists.cxx:
/* */
#include <QtCore/qglobal.h>

int main(int argc, char** argv)
{
  (void)argv;
#ifndef Q_WS_X11
  return ((int*)(&Q_WS_X11))[argc];
#else
  (void)argc;
  return 0;
#endif
}

Determining if the include file pthread.h exists passed with the following output:
Change Dir: /home/voldemort/Desktop/ARCH/fastfusion/CMakeFiles/CMakeTmp

Run Build Command:"/usr/bin/make" "cmTC_f42da/fast"
/usr/bin/make -f CMakeFiles/cmTC_f42da.dir/build.make CMakeFiles/cmTC_f42da.dir/build
make[1]: Entering directory '/home/voldemort/Desktop/ARCH/fastfusion/CMakeFiles/CMakeTmp'
Building C object CMakeFiles/cmTC_f42da.dir/CheckIncludeFile.c.o
/usr/bin/cc    -fPIC    -o CMakeFiles/cmTC_f42da.dir/CheckIncludeFile.c.o   -c /home/voldemort/Desktop/ARCH/fastfusion/CMakeFiles/CMakeTmp/CheckIncludeFile.c
Linking C executable cmTC_f42da
/usr/bin/cmake -E cmake_link_script CMakeFiles/cmTC_f42da.dir/link.txt --verbose=1
/usr/bin/cc  -fPIC     CMakeFiles/cmTC_f42da.dir/CheckIncludeFile.c.o  -o cmTC_f42da -rdynamic 
make[1]: Leaving directory '/home/voldemort/Desktop/ARCH/fastfusion/CMakeFiles/CMakeTmp'


Determining if the function pthread_create exists in the pthread passed with the following output:
Change Dir: /home/voldemort/Desktop/ARCH/fastfusion/CMakeFiles/CMakeTmp

Run Build Command:"/usr/bin/make" "cmTC_91412/fast"
/usr/bin/make -f CMakeFiles/cmTC_91412.dir/build.make CMakeFiles/cmTC_91412.dir/build
make[1]: Entering directory '/home/voldemort/Desktop/ARCH/fastfusion/CMakeFiles/CMakeTmp'
Building C object CMakeFiles/cmTC_91412.dir/CheckFunctionExists.c.o
/usr/bin/cc    -fPIC -DCHECK_FUNCTION_EXISTS=pthread_create   -o CMakeFiles/cmTC_91412.dir/CheckFunctionExists.c.o   -c /usr/share/cmake-3.5/Modules/CheckFunctionExists.c
Linking C executable cmTC_91412
/usr/bin/cmake -E cmake_link_script CMakeFiles/cmTC_91412.dir/link.txt --verbose=1
/usr/bin/cc  -fPIC -DCHECK_FUNCTION_EXISTS=pthread_create    CMakeFiles/cmTC_91412.dir/CheckFunctionExists.c.o  -o cmTC_91412 -rdynamic -lpthread 
make[1]: Leaving directory '/home/voldemort/Desktop/ARCH/fastfusion/CMakeFiles/CMakeTmp'


Determining if the Q_WS_X11 exist passed with the following output:
Change Dir: /home/voldemort/Desktop/ARCH/fastfusion/CMakeFiles/CMakeTmp

Run Build Command:"/usr/bin/make" "cmTC_dd792/fast"
/usr/bin/make -f CMakeFiles/cmTC_dd792.dir/build.make CMakeFiles/cmTC_dd792.dir/build
make[1]: Entering directory '/home/voldemort/Desktop/ARCH/fastfusion/CMakeFiles/CMakeTmp'
Building CXX object CMakeFiles/cmTC_dd792.dir/CheckSymbolExists.cxx.o
/usr/bin/c++    -I/usr/include/qt4  -Wall -mavx2 -funroll-loops -DOWNAVX -fopenmp    -o CMakeFiles/cmTC_dd792.dir/CheckSymbolExists.cxx.o -c /home/voldemort/Desktop/ARCH/fastfusion/CMakeFiles/CMakeTmp/CheckSymbolExists.cxx
Linking CXX executable cmTC_dd792
/usr/bin/cmake -E cmake_link_script CMakeFiles/cmTC_dd792.dir/link.txt --verbose=1
/usr/bin/c++    -Wall -mavx2 -funroll-loops -DOWNAVX -fopenmp     CMakeFiles/cmTC_dd792.dir/CheckSymbolExists.cxx.o  -o cmTC_dd792 -rdynamic 
make[1]: Leaving directory '/home/voldemort/Desktop/ARCH/fastfusion/CMakeFiles/CMakeTmp'

File /home/voldemort/Desktop/ARCH/fastfusion/CMakeFiles/CMakeTmp/CheckSymbolExists.cxx:
/* */
#include <QtCore/qglobal.h>

int main(int argc, char** argv)
{
  (void)argv;
#ifndef Q_WS_X11
  return ((int*)(&Q_WS_X11))[argc];
#else
  (void)argc;
  return 0;
#endif
}

Determining if the include file pthread.h exists passed with the following output:
Change Dir: /home/voldemort/Desktop/ARCH/fastfusion/CMakeFiles/CMakeTmp

Run Build Command:"/usr/bin/make" "cmTC_9b1db/fast"
/usr/bin/make -f CMakeFiles/cmTC_9b1db.dir/build.make CMakeFiles/cmTC_9b1db.dir/build
make[1]: Entering directory '/home/voldemort/Desktop/ARCH/fastfusion/CMakeFiles/CMakeTmp'
Building C object CMakeFiles/cmTC_9b1db.dir/CheckIncludeFile.c.o
/usr/bin/cc    -fPIC    -o CMakeFiles/cmTC_9b1db.dir/CheckIncludeFile.c.o   -c /home/voldemort/Desktop/ARCH/fastfusion/CMakeFiles/CMakeTmp/CheckIncludeFile.c
Linking C executable cmTC_9b1db
/usr/bin/cmake -E cmake_link_script CMakeFiles/cmTC_9b1db.dir/link.txt --verbose=1
/usr/bin/cc  -fPIC     CMakeFiles/cmTC_9b1db.dir/CheckIncludeFile.c.o  -o cmTC_9b1db -rdynamic 
make[1]: Leaving directory '/home/voldemort/Desktop/ARCH/fastfusion/CMakeFiles/CMakeTmp'


Determining if the function pthread_create exists in the pthread passed with the following output:
Change Dir: /home/voldemort/Desktop/ARCH/fastfusion/CMakeFiles/CMakeTmp

Run Build Command:"/usr/bin/make" "cmTC_cbd85/fast"
/usr/bin/make -f CMakeFiles/cmTC_cbd85.dir/build.make CMakeFiles/cmTC_cbd85.dir/build
make[1]: Entering directory '/home/voldemort/Desktop/ARCH/fastfusion/CMakeFiles/CMakeTmp'
Building C object CMakeFiles/cmTC_cbd85.dir/CheckFunctionExists.c.o
/usr/bin/cc    -fPIC -DCHECK_FUNCTION_EXISTS=pthread_create   -o CMakeFiles/cmTC_cbd85.dir/CheckFunctionExists.c.o   -c /usr/share/cmake-3.5/Modules/CheckFunctionExists.c
Linking C executable cmTC_cbd85
/usr/bin/cmake -E cmake_link_script CMakeFiles/cmTC_cbd85.dir/link.txt --verbose=1
/usr/bin/cc  -fPIC -DCHECK_FUNCTION_EXISTS=pthread_create    CMakeFiles/cmTC_cbd85.dir/CheckFunctionExists.c.o  -o cmTC_cbd85 -rdynamic -lpthread 
make[1]: Leaving directory '/home/voldemort/Desktop/ARCH/fastfusion/CMakeFiles/CMakeTmp'


Determining if the Q_WS_X11 exist passed with the following output:
Change Dir: /home/voldemort/Desktop/ARCH/fastfusion/CMakeFiles/CMakeTmp

Run Build Command:"/usr/bin/make" "cmTC_20dba/fast"
/usr/bin/make -f CMakeFiles/cmTC_20dba.dir/build.make CMakeFiles/cmTC_20dba.dir/build
make[1]: Entering directory '/home/voldemort/Desktop/ARCH/fastfusion/CMakeFiles/CMakeTmp'
Building CXX object CMakeFiles/cmTC_20dba.dir/CheckSymbolExists.cxx.o
/usr/bin/c++    -I/usr/include/qt4  -Wall -mavx2 -funroll-loops -DOWNAVX -fopenmp    -o CMakeFiles/cmTC_20dba.dir/CheckSymbolExists.cxx.o -c /home/voldemort/Desktop/ARCH/fastfusion/CMakeFiles/CMakeTmp/CheckSymbolExists.cxx
Linking CXX executable cmTC_20dba
/usr/bin/cmake -E cmake_link_script CMakeFiles/cmTC_20dba.dir/link.txt --verbose=1
/usr/bin/c++    -Wall -mavx2 -funroll-loops -DOWNAVX -fopenmp     CMakeFiles/cmTC_20dba.dir/CheckSymbolExists.cxx.o  -o cmTC_20dba -rdynamic 
make[1]: Leaving directory '/home/voldemort/Desktop/ARCH/fastfusion/CMakeFiles/CMakeTmp'

File /home/voldemort/Desktop/ARCH/fastfusion/CMakeFiles/CMakeTmp/CheckSymbolExists.cxx:
/* */
#include <QtCore/qglobal.h>

int main(int argc, char** argv)
{
  (void)argv;
#ifndef Q_WS_X11
  return ((int*)(&Q_WS_X11))[argc];
#else
  (void)argc;
  return 0;
#endif
}

Determining if the include file pthread.h exists passed with the following output:
Change Dir: /home/voldemort/Desktop/ARCH/fastfusion/CMakeFiles/CMakeTmp

Run Build Command:"/usr/bin/make" "cmTC_66b40/fast"
/usr/bin/make -f CMakeFiles/cmTC_66b40.dir/build.make CMakeFiles/cmTC_66b40.dir/build
make[1]: Entering directory '/home/voldemort/Desktop/ARCH/fastfusion/CMakeFiles/CMakeTmp'
Building C object CMakeFiles/cmTC_66b40.dir/CheckIncludeFile.c.o
/usr/bin/cc    -fPIC    -o CMakeFiles/cmTC_66b40.dir/CheckIncludeFile.c.o   -c /home/voldemort/Desktop/ARCH/fastfusion/CMakeFiles/CMakeTmp/CheckIncludeFile.c
Linking C executable cmTC_66b40
/usr/bin/cmake -E cmake_link_script CMakeFiles/cmTC_66b40.dir/link.txt --verbose=1
/usr/bin/cc  -fPIC     CMakeFiles/cmTC_66b40.dir/CheckIncludeFile.c.o  -o cmTC_66b40 -rdynamic 
make[1]: Leaving directory '/home/voldemort/Desktop/ARCH/fastfusion/CMakeFiles/CMakeTmp'


Determining if the function pthread_create exists in the pthread passed with the following output:
Change Dir: /home/voldemort/Desktop/ARCH/fastfusion/CMakeFiles/CMakeTmp

Run Build Command:"/usr/bin/make" "cmTC_1499b/fast"
/usr/bin/make -f CMakeFiles/cmTC_1499b.dir/build.make CMakeFiles/cmTC_1499b.dir/build
make[1]: Entering directory '/home/voldemort/Desktop/ARCH/fastfusion/CMakeFiles/CMakeTmp'
Building C object CMakeFiles/cmTC_1499b.dir/CheckFunctionExists.c.o
/usr/bin/cc    -fPIC -DCHECK_FUNCTION_EXISTS=pthread_create   -o CMakeFiles/cmTC_1499b.dir/CheckFunctionExists.c.o   -c /usr/share/cmake-3.5/Modules/CheckFunctionExists.c
Linking C executable cmTC_1499b
/usr/bin/cmake -E cmake_link_script CMakeFiles/cmTC_1499b.dir/link.txt --verbose=1
/usr/bin/cc  -fPIC -DCHECK_FUNCTION_EXISTS=pthread_create    CMakeFiles/cmTC_1499b.dir/CheckFunctionExists.c.o  -o cmTC_1499b -rdynamic -lpthread 
make[1]: Leaving directory '/home/voldemort/Desktop/ARCH/fastfusion/CMakeFiles/CMakeTmp'


Determining if the Q_WS_X11 exist passed with the following output:
Change Dir: /home/voldemort/Desktop/ARCH/fastfusion/CMakeFiles/CMakeTmp

Run Build Command:"/usr/bin/make" "cmTC_e66d6/fast"
/usr/bin/make -f CMakeFiles/cmTC_e66d6.dir/build.make CMakeFiles/cmTC_e66d6.dir/build
make[1]: Entering directory '/home/voldemort/Desktop/ARCH/fastfusion/CMakeFiles/CMakeTmp'
Building CXX object CMakeFiles/cmTC_e66d6.dir/CheckSymbolExists.cxx.o
/usr/bin/c++    -I/usr/include/qt4  -Wall -mavx2 -funroll-loops -DOWNAVX -fopenmp    -o CMakeFiles/cmTC_e66d6.dir/CheckSymbolExists.cxx.o -c /home/voldemort/Desktop/ARCH/fastfusion/CMakeFiles/CMakeTmp/CheckSymbolExists.cxx
Linking CXX executable cmTC_e66d6
/usr/bin/cmake -E cmake_link_script CMakeFiles/cmTC_e66d6.dir/link.txt --verbose=1
/usr/bin/c++    -Wall -mavx2 -funroll-loops -DOWNAVX -fopenmp     CMakeFiles/cmTC_e66d6.dir/CheckSymbolExists.cxx.o  -o cmTC_e66d6 -rdynamic 
make[1]: Leaving directory '/home/voldemort/Desktop/ARCH/fastfusion/CMakeFiles/CMakeTmp'

File /home/voldemort/Desktop/ARCH/fastfusion/CMakeFiles/CMakeTmp/CheckSymbolExists.cxx:
/* */
#include <QtCore/qglobal.h>

int main(int argc, char** argv)
{
  (void)argv;
#ifndef Q_WS_X11
  return ((int*)(&Q_WS_X11))[argc];
#else
  (void)argc;
  return 0;
#endif
}

Determining if the include file pthread.h exists passed with the following output:
Change Dir: /home/voldemort/Desktop/ARCH/fastfusion/CMakeFiles/CMakeTmp

Run Build Command:"/usr/bin/make" "cmTC_b43cd/fast"
/usr/bin/make -f CMakeFiles/cmTC_b43cd.dir/build.make CMakeFiles/cmTC_b43cd.dir/build
make[1]: Entering directory '/home/voldemort/Desktop/ARCH/fastfusion/CMakeFiles/CMakeTmp'
Building C object CMakeFiles/cmTC_b43cd.dir/CheckIncludeFile.c.o
/usr/bin/cc    -fPIC    -o CMakeFiles/cmTC_b43cd.dir/CheckIncludeFile.c.o   -c /home/voldemort/Desktop/ARCH/fastfusion/CMakeFiles/CMakeTmp/CheckIncludeFile.c
Linking C executable cmTC_b43cd
/usr/bin/cmake -E cmake_link_script CMakeFiles/cmTC_b43cd.dir/link.txt --verbose=1
/usr/bin/cc  -fPIC     CMakeFiles/cmTC_b43cd.dir/CheckIncludeFile.c.o  -o cmTC_b43cd -rdynamic 
make[1]: Leaving directory '/home/voldemort/Desktop/ARCH/fastfusion/CMakeFiles/CMakeTmp'


Determining if the function pthread_create exists in the pthread passed with the following output:
Change Dir: /home/voldemort/Desktop/ARCH/fastfusion/CMakeFiles/CMakeTmp

Run Build Command:"/usr/bin/make" "cmTC_08891/fast"
/usr/bin/make -f CMakeFiles/cmTC_08891.dir/build.make CMakeFiles/cmTC_08891.dir/build
make[1]: Entering directory '/home/voldemort/Desktop/ARCH/fastfusion/CMakeFiles/CMakeTmp'
Building C object CMakeFiles/cmTC_08891.dir/CheckFunctionExists.c.o
/usr/bin/cc    -fPIC -DCHECK_FUNCTION_EXISTS=pthread_create   -o CMakeFiles/cmTC_08891.dir/CheckFunctionExists.c.o   -c /usr/share/cmake-3.5/Modules/CheckFunctionExists.c
Linking C executable cmTC_08891
/usr/bin/cmake -E cmake_link_script CMakeFiles/cmTC_08891.dir/link.txt --verbose=1
/usr/bin/cc  -fPIC -DCHECK_FUNCTION_EXISTS=pthread_create    CMakeFiles/cmTC_08891.dir/CheckFunctionExists.c.o  -o cmTC_08891 -rdynamic -lpthread 
make[1]: Leaving directory '/home/voldemort/Desktop/ARCH/fastfusion/CMakeFiles/CMakeTmp'


Determining if the Q_WS_X11 exist passed with the following output:
Change Dir: /home/voldemort/Desktop/ARCH/fastfusion/CMakeFiles/CMakeTmp

Run Build Command:"/usr/bin/make" "cmTC_e4280/fast"
/usr/bin/make -f CMakeFiles/cmTC_e4280.dir/build.make CMakeFiles/cmTC_e4280.dir/build
make[1]: Entering directory '/home/voldemort/Desktop/ARCH/fastfusion/CMakeFiles/CMakeTmp'
Building CXX object CMakeFiles/cmTC_e4280.dir/CheckSymbolExists.cxx.o
/usr/bin/c++    -I/usr/include/qt4  -Wall -mavx2 -funroll-loops -DOWNAVX -fopenmp    -o CMakeFiles/cmTC_e4280.dir/CheckSymbolExists.cxx.o -c /home/voldemort/Desktop/ARCH/fastfusion/CMakeFiles/CMakeTmp/CheckSymbolExists.cxx
Linking CXX executable cmTC_e4280
/usr/bin/cmake -E cmake_link_script CMakeFiles/cmTC_e4280.dir/link.txt --verbose=1
/usr/bin/c++    -Wall -mavx2 -funroll-loops -DOWNAVX -fopenmp     CMakeFiles/cmTC_e4280.dir/CheckSymbolExists.cxx.o  -o cmTC_e4280 -rdynamic 
make[1]: Leaving directory '/home/voldemort/Desktop/ARCH/fastfusion/CMakeFiles/CMakeTmp'

File /home/voldemort/Desktop/ARCH/fastfusion/CMakeFiles/CMakeTmp/CheckSymbolExists.cxx:
/* */
#include <QtCore/qglobal.h>

int main(int argc, char** argv)
{
  (void)argv;
#ifndef Q_WS_X11
  return ((int*)(&Q_WS_X11))[argc];
#else
  (void)argc;
  return 0;
#endif
}

